
2025-03-10	02:18:42	ed403162-608e-4f0e-b9ae-37874c07ab69	POST	undefined	/register
2025-03-10	02:22:32	259d536e-d5a5-454c-9282-a95aa97686d8	GET	undefined	/
2025-03-10	02:29:52	eae29182-e521-4ebd-a843-4d8ddfbc9fa6	GET	undefined	/
2025-03-10	02:30:10	99137953-4f82-485b-b20d-7be25547e0ff	GET	undefined	/register
2025-03-10	02:30:57	73af0531-c488-4129-98ba-c07671865443	POST	undefined	/register
2025-03-10	02:31:40	536e12ca-c594-42de-98f3-e5e9f7dab1f6	POST	undefined	/register/admin
2025-03-10	02:34:39	b2493549-1bd4-4772-99db-4007ccc9daa2	POST	undefined	/register/admin
2025-03-10	02:35:01	37c9bfce-fa23-4ddd-9a15-dc637c39a874	POST	undefined	/register
2025-03-10	02:35:30	86f055cf-951f-490c-8745-5eed865476ec	POST	undefined	/register/admin
2025-03-10	03:15:14	7b445aef-1748-42f6-9490-238fddce3d63	GET	undefined	/
2025-03-10	03:15:26	882778bf-62a4-4579-8a6e-f749ee8247dc	POST	undefined	/register
2025-03-10	03:17:03	14ab702c-475a-4b04-bba0-a09b42a9ef3c	POST	undefined	/register
2025-03-10	03:29:07	795fbf38-2528-42e3-99a0-d4d637218888	POST	undefined	/register
2025-03-10	03:37:33	467d9495-9a7a-437c-a067-09a154974a9b	POST	undefined	/register
2025-03-10	03:38:51	a18a0cb8-988e-4c35-a91f-f1b079b3f37b	POST	undefined	/register
2025-03-11	03:39:30	35867214-16b4-47db-89a6-523d82e83a2f	POST	undefined	/
2025-03-11	03:39:38	7d12981c-fa2e-494f-afe5-796b09b8de5c	GET	undefined	/
2025-03-11	03:39:59	224145d6-c5cb-44c2-88b8-6166b7cb4e67	POST	undefined	/register
2025-03-11	03:50:01	c94e85a7-ac0e-4767-99f6-ca58dbd2228c	POST	undefined	/register
2025-03-11	04:00:17	bae97a93-8c11-45af-a5c4-05368ee8b2fa	POST	undefined	/register
2025-03-11	04:01:20	a483641d-74c5-41fd-981c-4a672a3fdc3b	POST	undefined	/register
2025-03-11	04:04:04	a7ace71b-da64-47a0-9555-abf16f8af42a	POST	undefined	/register
2025-03-11	04:04:54	8894fafe-5924-49fc-8777-273d94205aaa	POST	undefined	/register
2025-03-11	04:09:40	0e44ae55-1d58-4af4-ab40-b3f4b2afb82f	POST	undefined	/register
2025-03-11	04:36:17	6cd184fb-286a-4f53-afa1-c928b31e5866	POST	undefined	/register
2025-03-11	04:41:03	cb1c10f1-fe82-406f-9d0a-bd4c6f24f842	POST	undefined	/register
2025-03-11	04:42:00	d788188b-6f1b-4809-94d4-dff00ad80786	POST	undefined	/register
2025-03-11	04:47:21	93625360-9621-41ec-9630-bfeaca52de9d	POST	undefined	/register
2025-03-11	04:50:08	5fbbf4cd-b960-4872-b092-6dfd3048f10e	POST	undefined	/register
2025-03-11	04:58:14	7007db24-4bde-4936-bbcc-0b33a32e8a4f	POST	undefined	/register
2025-03-11	05:02:57	1a51e6f5-6c7a-49d8-98ff-cb977e8641cc	POST	undefined	/register
2025-03-11	05:03:05	8c6aa13a-f54e-4681-ad19-7bcd2ac0f963	POST	undefined	/register
2025-03-11	05:06:32	d18582fc-011b-44f4-a24b-0a90c91324bb	POST	undefined	/register
2025-03-11	05:09:39	ab542ff0-71cf-4835-a64e-ae5bce149a86	POST	undefined	/register
2025-03-11	05:15:34	4e79cdf4-6682-4d22-b24f-3b17ae46932b	POST	undefined	/register
2025-03-11	05:17:08	34b253d8-3cca-4059-beb0-9398c0906fd2	POST	undefined	/register
2025-03-12	02:33:23	6516cf94-7001-48d5-8368-5317525671a7	POST	undefined	/register/admin
2025-03-12	02:33:47	e54c0f2a-b633-426b-ac0c-27037c17ad6f	POST	undefined	/register
2025-03-12	02:34:26	830dcd1c-0c9c-4852-8b79-57642bee6a2d	POST	undefined	/auth
2025-03-12	02:34:51	fc7cfc6d-8127-429b-9578-aaa0e41b32dd	POST	undefined	/auth
2025-03-12	02:36:57	b8b72d5e-d7c8-4f08-9a09-bdf5f63f1ccf	POST	undefined	/auth
2025-03-12	02:37:10	a386479e-90a0-41eb-96b3-0822bbeff347	POST	undefined	/auth
2025-03-12	02:42:24	20a07ac8-813c-4f12-ab00-42399c5bf882	POST	undefined	/auth
2025-03-12	02:43:30	5737759e-7db1-4609-8233-8b0be2aa4561	POST	undefined	/auth
2025-03-12	02:49:18	fbb35481-ab78-4818-94c6-d7b875d9f8b6	POST	undefined	/auth
2025-03-12	02:50:10	1cf1b756-e119-495d-84b2-04f1b2dce6b1	POST	undefined	/auth
2025-03-12	02:52:42	5362f1e5-5f0b-4a32-b30c-cf7e13bdae20	POST	undefined	/auth
2025-03-12	03:04:51	2ad5a9ac-b048-40c4-9809-7213c06d2ea5	POST	undefined	/register
2025-03-12	03:05:05	4b671eee-33ac-4dec-a8a4-92cab96536d3	POST	undefined	/register
2025-03-12	03:05:18	90f3a509-2676-43b4-bd7b-ddf9afe17c7d	POST	undefined	/register
2025-03-12	03:05:25	62758da8-36b3-4d97-ba2c-b60dfa17cdd7	POST	undefined	/register
2025-03-12	03:06:46	aa341199-2439-4888-9343-c2d24015c191	POST	undefined	/register
2025-03-12	03:08:51	62d0b122-0636-4ad2-84f6-d77aef74c4f9	POST	undefined	/register
2025-03-12	03:10:22	ca8709f8-e56c-4c52-864a-1534b16f9235	POST	undefined	/register
2025-03-12	03:11:21	7fe7bc91-7e01-499c-8a61-19b34ba50edd	POST	undefined	/register
2025-03-12	03:11:29	437544d2-7822-4081-b151-a6c931a1eb5b	POST	undefined	/register
2025-03-12	03:11:41	613b0411-d96c-4aee-9fc7-0b82668b28c7	POST	undefined	/register
2025-03-12	03:11:46	0cfbb2ab-af2c-4ea0-9e6a-6b918d913dd7	POST	undefined	/register
2025-03-12	03:12:52	cc7d31b8-d00b-437b-a1ca-85bf2a4a02c1	POST	undefined	/register
2025-03-12	03:15:07	9338ceec-3804-47d4-899c-efb772c1bf19	POST	undefined	/register
2025-03-12	03:15:27	533a9632-3759-4c7e-83c3-369f88a1abde	POST	undefined	/register
2025-03-12	03:16:00	5a5eb64e-9851-4964-9573-699a9e20f605	POST	undefined	/register
2025-03-12	03:16:42	e8dfed3d-0abb-4a6b-a519-9812aa5867c0	POST	undefined	/register
2025-03-12	03:16:52	d2c4082e-2ddb-4ce4-9550-c32ce87b8c01	POST	undefined	/register
2025-03-12	03:16:59	2568b0fb-30f7-4764-bcd4-4c86f63b0906	POST	undefined	/register
2025-03-12	03:17:30	cbfd79db-a820-4708-81fd-325d6adfc01b	POST	undefined	/register/admin
2025-03-12	03:17:39	08ca7c7b-7440-4174-8dd4-4a2d58175116	POST	undefined	/register/admin
2025-03-12	03:17:47	1f89c004-eaad-4800-9c3c-7a87c69d2b1f	POST	undefined	/register/admin
2025-03-13	01:06:06	4b880eac-8620-4942-a82b-07bec8702172	POST	undefined	/register/admin
2025-03-13	01:06:29	19d3b92e-c8f7-4634-8bae-12df5146ce7d	POST	undefined	/register
2025-03-13	01:08:14	3da86070-1a62-4ac8-8c0c-c766696fd0c0	POST	undefined	/auth
2025-03-13	01:08:38	5eeda45a-ed19-47b0-bb08-d4c9cdfab352	POST	undefined	/auth
2025-03-13	01:18:06	51ad91b0-7987-46d7-b983-18a1562522c5	POST	undefined	/register/admin
2025-03-13	01:18:15	10454723-5404-4230-b9a9-c2ae0bc40f29	POST	undefined	/register
2025-03-13	01:18:33	665969c0-f9ac-4cb5-8745-ba5e10184921	POST	undefined	/register
2025-03-13	01:19:15	79108a27-10f5-426f-aef6-3f94f96f48b7	POST	undefined	/auth
2025-03-13	01:19:32	ead1491f-a483-480d-9ba5-289b899b9948	POST	undefined	/auth
2025-03-13	01:45:49	9114c308-a38f-4973-adc2-b34e6f2b3e5f	POST	undefined	/auth
2025-03-13	01:46:20	8d180f64-bcc7-4763-847f-fd8a313a5191	GET	undefined	/refresh
2025-03-13	01:47:36	2c6fa3e6-f46f-4d6f-9d31-b94312ef8a07	POST	undefined	/auth
2025-03-13	01:47:45	d55c054e-83fd-4703-8132-3428d2224cc4	GET	undefined	/refresh
2025-03-13	01:49:01	ebde2333-5e90-44f0-8159-face6e572ef4	POST	undefined	/auth
2025-03-13	01:49:06	5ba89d58-f37e-494d-9ea0-7f94b097384b	GET	undefined	/refresh
2025-03-13	01:53:44	f924ccce-3ad2-4df1-9ef7-25d317bdcecc	POST	undefined	/auth
2025-03-13	01:53:52	dd7a5e7b-0f54-49ee-8dcb-ff29ed2ecdf8	GET	undefined	/refresh
2025-03-13	02:10:08	52f775fe-76be-4789-bdf4-043b529c79dd	POST	undefined	/auth
2025-03-13	02:10:13	1e64a668-50ec-4930-b19a-970ad0e39a20	GET	undefined	/refresh
2025-03-13	02:10:15	c00e77a6-d158-4e4c-b258-1271fd034e49	GET	undefined	/refresh
2025-03-13	02:10:17	9fbe9766-5712-436d-9b90-25dc84764dfa	GET	undefined	/refresh
2025-03-13	02:10:18	dedac3d9-48c1-4655-bf31-058f0fcbcec9	GET	undefined	/refresh
2025-03-13	02:10:20	14731940-4dd6-4766-81e2-c0163c2cad8e	GET	undefined	/refresh
2025-03-13	02:19:09	3dfef80f-328b-4546-9b0f-109e9816e752	POST	undefined	/register
2025-03-13	02:19:26	f789dbd3-7f3b-487f-b9c0-371a8b4d0eee	POST	undefined	/register/admin
2025-03-13	02:20:06	18b1df52-81ec-4a63-8c76-4e7533665a75	POST	undefined	/auth
2025-03-13	02:20:35	bf0c82c3-b4a8-4859-a502-b7c049e90638	GET	undefined	/refresh
2025-03-13	02:20:36	18655ced-97b8-4801-8bd7-8f5cd4656e7b	GET	undefined	/refresh
2025-03-13	02:20:38	5a0d77a8-1c6b-47e9-aec0-33cb27b789b4	GET	undefined	/refresh
2025-03-13	02:20:47	52559c09-c6d1-4884-a8ec-ebf0d40a450e	GET	undefined	/refresh
2025-03-13	02:20:49	13313d48-b53d-40c8-8700-a820c707f187	GET	undefined	/refresh
2025-03-13	02:20:57	346ff91b-c49d-4b2a-9f4c-c63c865932c2	GET	undefined	/logout
2025-03-13	02:21:29	217da4a8-d44b-4194-b7d7-3e7b37bbc1c8	POST	undefined	/auth
2025-03-13	02:21:52	cc2501e2-bd65-4183-abdc-bf2e03468a78	POST	undefined	/auth
2025-03-13	02:21:54	d4123161-6631-4f31-8094-d0007bf919ad	POST	undefined	/auth
2025-03-13	02:21:56	a652b3b9-8688-4130-b3a0-8d609eebac1d	POST	undefined	/auth
2025-03-13	02:22:22	a8b2d3cd-caa5-4cbb-90ee-e418957160dd	GET	undefined	/logout
2025-03-14	21:49:39	8756887d-24b1-4ec8-8687-9df935954a13	GET	undefined	/products
2025-03-14	21:49:57	26803a8b-24ab-43a6-85d8-75bcf6d57990	GET	undefined	/product
2025-03-14	21:53:09	a6197ec1-5dca-48f6-a5c3-1c68829a38af	POST	undefined	/product
2025-03-14	21:53:42	a4e88270-9e20-4a5a-bdad-686788d12ac9	POST	undefined	/product
2025-03-14	21:54:04	abbfad09-d800-499c-a944-89613f4f5500	POST	undefined	/product
2025-03-14	21:54:17	8658fab1-1e9f-48a9-8b6a-0841330c031a	GET	undefined	/product
2025-03-14	21:56:52	50fbe21e-10a8-4a76-932f-ef9726137cc9	PUT	undefined	/product
2025-03-14	21:57:14	c13b8409-b3a8-47c3-b19a-4c57c4a30cd1	GET	undefined	/product
2025-03-14	21:58:54	3f8370f8-0a4a-4ab3-b713-38076f948432	PUT	undefined	/product
2025-03-14	22:06:24	10533e3e-0f87-4d66-86bd-06dddae1fc90	PUT	undefined	/product
2025-03-14	22:06:35	af672f9a-356e-49c6-8aa5-a3aa3ac19cb8	PUT	undefined	/product
2025-03-14	22:06:44	3c99e248-058d-46ca-ad69-6278cfc84b6d	PUT	undefined	/product
2025-03-14	22:07:40	db9ff829-3020-40ce-b85d-e50c976409bf	PUT	undefined	/product
2025-03-14	22:08:53	0cdc9831-3968-427b-b2b3-f90cf1d212f0	PUT	undefined	/product
2025-03-14	22:09:00	1c74c0a2-990d-455a-8716-b6f9afab1a00	PUT	undefined	/product
2025-03-14	22:09:05	d3175529-91f9-46d8-a2a2-3f781d3441d3	PUT	undefined	/product
2025-03-14	22:09:15	b06ee582-4d6d-4693-b3a5-dd850969d441	PUT	undefined	/product
2025-03-14	22:09:20	8a841d2b-309a-4f24-b77a-2138a3dfde6d	PUT	undefined	/product
2025-03-14	22:09:25	a2ee2cc1-1353-402f-8f28-ae70dda8b151	PUT	undefined	/product
2025-03-14	22:13:13	f4f7c0de-eeed-4ca6-8b90-1857793a4bf7	PUT	undefined	/product
2025-03-14	22:13:19	106d9e19-2e4a-4970-bfc5-f6b2b60ed2f2	PUT	undefined	/product
2025-03-14	22:13:26	d4b50e12-d24c-4f71-9a0b-f317aefa37f8	PUT	undefined	/product
2025-03-14	22:13:31	2ab134c1-74fd-42ce-a10d-165fb7aaef72	PUT	undefined	/product
2025-03-14	22:14:43	da3dfc1d-ab54-44da-826b-eac39f9d9f82	DELETE	undefined	/product
2025-03-14	22:14:52	b4669bae-3be8-450b-870a-3c9bba2c469a	DELETE	undefined	/product
2025-03-14	22:14:59	6f7d4c3b-eedb-429b-a95d-e11667376384	PUT	undefined	/product
2025-03-14	22:15:04	b41fdd93-83f4-48a9-9724-3c8f771face0	GET	undefined	/product
2025-03-14	22:15:16	d06c5cef-7c25-4d92-a690-43a16f7f9c43	DELETE	undefined	/product
2025-03-14	22:15:37	490e6cbf-47e6-47cc-b0cc-9167ff9724b7	GET	undefined	/product
2025-03-14	22:18:59	8dccb268-b2d2-42fc-ad2c-b826144c645b	GET	undefined	/product
2025-03-14	22:19:08	447c5c2f-1092-45bf-9154-9f15aa9a90bb	GET	undefined	/product/67d4a57cd13112050b5dd97a
2025-03-14	22:21:25	e395eb28-8002-4bc9-89b4-97c877188460	GET	undefined	/product/67d4a57cd13112050b5dd97
2025-03-14	22:21:31	78d7ccc1-4eb3-4d47-8ad9-df923558eec5	GET	undefined	/product/67d4a57cd13112050b5dd97a
2025-03-14	22:21:37	13599ee7-5261-43a8-9ebd-12fe1cc94abd	GET	undefined	/product/67d4a57cd13112050b5dd97ae
2025-03-14	22:21:42	d1d51184-8b9e-43e6-a658-9343df5e512d	GET	undefined	/product/67d4a57cd13112050b5dd97a4
2025-03-14	22:21:46	c7752f20-544e-4bc0-affc-fd6b03b98892	GET	undefined	/product/67d4a57cd13112050b5dd97a
2025-03-14	22:21:50	5af72df6-958b-4271-accc-16e11e22c87e	GET	undefined	/product/67d4a57cd13112050b5dd97
2025-03-14	22:21:54	24a58f87-e750-4958-97be-d5afeb815881	GET	undefined	/product/67d4a57cd13112050b5dd97a
2025-03-14	23:26:58	89dd15f1-304a-4adb-ba5a-0356c70ff3e6	POST	undefined	/product
2025-03-14	23:32:58	848178ba-33b1-49a8-83ae-774f86432a35	POST	undefined	/product
2025-03-14	23:34:25	3727a409-2815-45a3-8d41-b3397f69af7c	POST	undefined	/product
2025-03-14	23:37:14	7283e311-319e-4f70-aaca-e4b40a917a7a	POST	undefined	/product
2025-03-14	23:49:51	52c10545-4101-41ec-a8bb-ce6fe86346ec	POST	undefined	/product
2025-03-14	23:51:39	c5a3f493-7d57-48e6-8a96-18cebdcc5cab	POST	undefined	/product
2025-03-14	23:53:54	b0e14406-642c-44de-8a95-3540df7be9c0	POST	undefined	/product
2025-03-14	23:54:09	3ef05ec2-1d73-4c1f-a9e8-d2ce24dae667	POST	undefined	/product
2025-03-14	23:55:58	454ce3fc-8b2a-49c3-ae99-8aba023b4799	POST	undefined	/product
2025-03-14	23:56:23	b78b7e23-315c-4d62-8157-61395c176ec6	POST	undefined	/product
2025-03-14	23:57:04	c2a558f0-7247-4a55-99c0-0c5f0e2f018d	POST	undefined	/product
2025-03-14	23:57:24	3ebf76ca-c122-4405-9f77-50669363426f	POST	undefined	/product
2025-03-14	23:57:33	d361061c-ea42-4359-b5bf-02a6876d6117	POST	undefined	/product
2025-03-14	23:58:43	f2b433c1-e542-467c-80d4-636764a4ac5d	POST	undefined	/product
2025-03-14	23:59:32	c5e750ce-73a0-46c9-92cf-7d880b3137ee	POST	undefined	/product
2025-03-15	00:00:01	1b91475a-a771-4786-adfc-ea86a905b1d3	POST	undefined	/product
2025-03-15	00:00:21	2a2e148e-60fd-4402-afa1-69dbb5b76166	POST	undefined	/product
2025-03-15	00:00:29	adf04d6d-4fc7-4cfa-a48d-dfcdc33d4af3	POST	undefined	/product
2025-03-15	00:01:14	3178db85-49df-4ac6-b61c-db98642c8706	POST	undefined	/product
2025-03-15	00:01:27	9eeab1bf-0872-48ab-b747-0bcd30ee98e8	POST	undefined	/product
2025-03-15	00:03:38	7ce97380-398d-4a1b-b3c1-93989d8864b1	POST	undefined	/product
2025-03-15	00:05:52	231a5bfc-722c-4285-8726-ce6dc2c66a49	POST	undefined	/product
2025-03-15	01:50:38	6dd0a8cd-f039-4222-b26a-817606e6e4f5	GET	undefined	/orders?id=iuwefiu4ni3ni34n5ti4un5
2025-03-15	01:50:53	90decf1f-a400-413a-9245-b57149b2dd1e	GET	undefined	/orders/uiefreunfiurni345345
2025-03-15	01:51:48	734651b7-0ce2-41b9-80a7-5e36baec0a30	GET	undefined	/orders/998343984739843
2025-03-15	01:53:44	3ed540e4-7ade-4fab-a087-06a89c7712a2	GET	undefined	/order?id=kjnvkjdfjvdnkfjndkfv
2025-03-15	01:54:07	7a93bad4-bd16-4ee9-81c7-9e53b7a79099	GET	undefined	/order?id=kjnvkjdfjvdnkfjndkfv
2025-03-15	01:55:25	21079933-b0a9-4315-8477-9bdaebebb496	GET	undefined	/order?id=kjnvkjdfjvdnkfjndkfv
2025-03-15	01:56:39	1943947a-404f-41f7-ac4a-9d03445677b5	GET	undefined	/order?id=kjnvkjdfjvdnkfjndkfv
2025-03-15	01:57:33	2daf096f-86a4-4ec6-befb-2f3f2777d7de	GET	undefined	/order?id=kjnvkjdfjvdnkfjndkfv
2025-03-15	02:03:03	e3c0e7a3-4a05-4d15-aa9f-03c87e74666f	GET	undefined	/order
2025-03-15	02:03:07	a43235ef-7103-4532-bbef-5465a0889810	GET	undefined	/order
2025-03-15	02:03:15	7d9761a0-2fee-4a7e-8380-56622d9badf5	GET	undefined	/order
2025-03-15	02:03:23	92582658-5557-4b42-9ca9-7562d112d230	GET	undefined	/order
2025-03-15	02:04:45	0e7ce151-f01c-4320-ad0f-038562b63f2a	GET	undefined	/order?productId
2025-03-15	02:04:52	a80eddd1-c5bc-4339-aaf2-8ee216e83257	GET	undefined	/order?productId=njsndcjksndc
2025-03-15	02:05:50	e406e935-f74b-4477-a4ad-f68f4a69c11a	GET	undefined	/order?productId=njsndcjksndc
2025-03-15	02:05:59	daa40005-d652-410a-b2b6-b9feefc941dd	GET	undefined	/order
2025-03-15	02:06:05	224a93c8-cf09-430e-99e6-96730404d9e6	GET	undefined	/order
2025-03-15	02:08:20	edd723bb-4b51-4e78-9abb-494140758555	GET	undefined	/order
2025-03-15	02:22:40	126119c4-54e4-4298-9c8b-24ff8b347187	POST	undefined	/product
2025-03-15	02:23:48	9d008c50-6c4b-4b78-8e7f-621f73aac084	POST	undefined	/product
2025-03-15	02:31:39	f71dbf0b-db1c-4847-a079-59fcf6689dc9	POST	undefined	/order
2025-03-15	02:33:08	2900252b-71ba-4e6e-8d05-ddeb653d0082	POST	undefined	/order
2025-03-15	02:33:23	3e403a1b-145d-46a4-8c1d-f3530ee18371	POST	undefined	/order
2025-03-15	02:33:44	d69d326e-ee50-4f71-9bfa-11051bf36e46	POST	undefined	/order
2025-03-15	02:33:45	04ca3927-eec2-4a69-afef-7a3d8c034d80	POST	undefined	/order
2025-03-15	02:33:47	e4d63947-3df3-4e33-bf49-eeee763f08ce	POST	undefined	/order
2025-03-15	02:34:22	432ffe60-51a5-4bc3-84bd-5bc0a3bc9872	GET	undefined	/order
2025-03-15	02:34:58	8550b8cf-e7c2-4af8-8bf3-5ab40e2db509	GET	undefined	/order?productId=67d4e4b479bcf4155af9b078
2025-03-15	02:35:22	e3727842-dadc-429d-8043-88c3cad82ea0	GET	undefined	/order?productId=67d4e47079bcf4155af9b076
2025-03-15	02:35:49	4ce81543-7fae-4b30-8feb-e393aa3dcffa	GET	undefined	/order?productId=67d4e47079bcf4155af9b
2025-03-15	02:35:54	11babccb-7b52-46e5-9b01-840a98c05bd1	GET	undefined	/order?productId=67d4e47079bcf4155af9b076
2025-03-15	02:35:59	e0e87638-fd28-42bc-ade6-c3b8875420a9	GET	undefined	/order?productId=67d4e47079bcf4155af9b076t
2025-03-15	02:36:03	79f2501a-06a3-4c14-a931-fa31c8777ebe	GET	undefined	/order?productId=67d4e47079bcf4155af9b076
2025-03-15	02:36:11	7bdbbf5e-8875-45bd-9f47-f9cd07dccdd1	GET	undefined	/order?productId=
2025-03-15	02:36:25	97c2c2db-9101-41cd-aef5-b7a60bfe247f	GET	undefined	/order?productId=67d4e47079bcf4155af9b076
2025-03-15	02:36:34	87cbda09-afc0-4dc4-ab44-53bcf9a90696	GET	undefined	/order?productId
2025-03-15	02:36:45	54d815aa-cd29-4f85-b878-bbdec08e7c31	GET	undefined	/order?productId=67d4e47079bcf4155af9b076
2025-03-15	02:36:52	4af94057-edc1-405b-8c45-9524e0770614	GET	undefined	/order?productId=67d4e47079bcf4155af9b074
2025-03-15	02:36:55	9abb5d22-7617-4dce-8f9b-2f5222d7f85d	GET	undefined	/order?productId=67d4e47079bcf4155af9b074
2025-03-15	02:37:28	a3806178-934e-462f-b772-f3d6908ea946	GET	undefined	/order?productId
2025-03-15	02:37:35	b33c9cc6-15fa-4cef-ab1f-7b6e77b28d5f	GET	undefined	/order?p
2025-03-15	02:37:39	c532a1cb-5fa0-465d-8db5-5e146493ebe5	GET	undefined	/order
2025-03-15	02:39:02	a7882cbf-1fdd-4117-9d10-2d835b5fdbc3	POST	undefined	/product
2025-03-15	02:39:30	35d708da-fd5d-46a8-a4cf-1733194cdc1b	GET	undefined	/order?productId=67d4e47079bcf4155af9b074
2025-03-15	02:39:36	38c626fd-a54e-4e86-92e3-d5d34b0099c6	GET	undefined	/order?productId=67d4e47079bcf4155af9b076
2025-03-15	02:39:52	0e3ce3fe-cdf3-4dd1-b62c-ed4744469395	GET	undefined	/order/67d4e47079bcf4155af9b076
2025-03-15	02:41:46	c968d604-aba4-4fa4-828a-150093022c82	GET	undefined	/order/67d4e6e4e6502ab3a187588b
2025-03-15	02:41:52	a2294527-f41e-42f8-8ddb-619dc22b943a	GET	undefined	/order/67d4e6e4e6502ab3a187588
2025-03-15	02:41:57	96c4bff8-c451-434e-889f-a21c1a990fa5	GET	undefined	/order/67d4e6e4e6502ab3a187588b
2025-03-15	02:42:01	e2daf2b5-a905-4ad7-854b-c07b1ed94e1a	GET	undefined	/order/67d4e6e4e6502ab3a187588be
2025-03-15	02:42:04	313cf270-9371-4073-b535-2d33905625ae	GET	undefined	/order/67d4e6e4e6502ab3a187588b
2025-03-15	02:42:10	6075c7aa-780c-496b-a113-5303f25a4afe	GET	undefined	/order/67d4e6e4e6502ab3a187588d
2025-03-15	02:42:15	eecdde2d-aefb-4a96-9e11-820500b18279	GET	undefined	/order/67d4e6e4e6502ab3a187588b
2025-03-15	02:43:53	9ff1c911-5057-40cb-8674-5817e0107bc2	DELETE	undefined	/order
2025-03-15	02:44:04	bdb3910b-020e-403b-ae8d-b8a12643bc38	DELETE	undefined	/order
2025-03-15	02:44:12	a519239e-bfa8-465f-873f-7c4cc4a9e89d	DELETE	undefined	/order
2025-03-15	02:44:18	492a4420-b270-4f3d-bacf-e576962810f3	DELETE	undefined	/order
2025-03-15	02:44:24	89e70d3d-fdf6-410f-9220-123f7c4a6204	DELETE	undefined	/order
2025-03-15	02:44:55	bce80f9c-8c1f-4e2e-b572-0b7c942f9217	DELETE	undefined	/order
2025-03-15	02:45:00	23af6ea9-fd91-4648-8b88-4b857df09f69	DELETE	undefined	/order
2025-03-15	02:45:09	9a1d2905-3e7c-413d-81d1-a1c82d790c13	GET	undefined	/order/67d4e6e4e6502ab3a187588b
2025-03-15	02:45:24	5a067593-2b23-494c-af66-b8ca70053547	DELETE	undefined	/order
2025-03-15	02:46:16	a2cf22b2-772c-42a2-b8e1-4ee9aeb31052	DELETE	undefined	/order
2025-03-15	02:48:09	c3e85dad-65ff-4107-8dd3-75dab0cc9f4b	DELETE	undefined	/order
2025-03-15	02:48:21	3acc8604-fcce-4d30-9101-b47d63c5ae46	DELETE	undefined	/order
2025-03-15	02:48:27	2d5114fe-e8cf-4e6b-9537-5f2056fc7fdb	DELETE	undefined	/order
2025-03-15	02:48:31	7bb30ad2-2e4f-4bc4-a704-224864700a19	DELETE	undefined	/order
2025-03-15	02:53:06	f30f0f11-d128-486e-82d7-4f5236f9704b	PUT	undefined	/order
2025-03-15	02:54:06	c47a4317-0f01-471d-af84-e65acc9574b5	PUT	undefined	/order
2025-03-15	02:54:29	eb02c61b-9837-46fa-b7ee-4285183e15fc	DELETE	undefined	/order
2025-03-15	02:54:36	faa3d392-6ebb-47c9-a106-c93b63bf1044	PUT	undefined	/order
2025-03-15	02:54:42	b6a01a3d-6eb8-4cca-81bb-2aad04134417	PUT	undefined	/order
2025-03-15	02:54:46	50b681e8-5ee2-445c-8885-fcc47c928a42	PUT	undefined	/order
2025-03-16	01:30:21	bdd5067b-b07c-42bd-a8d5-fea914508bcf	POST	undefined	/product
2025-03-16	01:31:03	1c43a8c8-8936-4de8-84d2-36415b9d45f2	POST	undefined	/product
2025-03-16	01:36:35	986b5d92-b9c6-4680-9227-0cc760265c31	POST	undefined	/order
2025-03-16	01:37:00	aa495c4a-a6a2-428d-ac70-49a096b34285	POST	undefined	/order
2025-03-16	01:37:07	f794fc21-853f-4c13-9c6b-827c339969f9	POST	undefined	/order
2025-03-16	01:37:25	f5de358d-bab1-472b-a0d7-e8780480cfe8	POST	undefined	/order
2025-03-16	01:37:34	d572274b-2542-4409-a336-ce2d2cc6f936	POST	undefined	/order
2025-03-16	01:37:57	483ba722-912e-47d5-a92b-2aa9aa486de5	POST	undefined	/order
2025-03-16	01:38:20	778ae93e-7a9d-476d-b79d-fff79b15aa64	POST	undefined	/order
2025-03-16	01:38:27	90067e51-a4c7-4626-9f09-adc3e85bf920	POST	undefined	/order
2025-03-16	01:39:16	bb682ef4-976a-400b-a781-b8783ddab967	POST	undefined	/order
2025-03-16	01:40:18	6f4de70b-9629-442e-88a7-3818d105cf5d	POST	undefined	/order
2025-03-16	01:43:45	7ddd72e3-52ec-42b3-ba9f-397a3b1d8355	POST	undefined	/order
2025-03-16	01:43:59	b7e33900-4069-42c7-bc3d-872d6df5e4d5	POST	undefined	/order
2025-03-16	01:46:19	0de8f574-c197-4f46-97b2-dd00c3ffde15	PUT	undefined	/order
2025-03-16	01:48:44	b5a45d2b-3405-4efe-89ab-83ace8580765	PUT	undefined	/order
2025-03-16	01:48:57	7c828e50-9eda-47a0-84ab-cbb750cb791c	POST	undefined	/order
2025-03-16	01:49:09	cf29d8e6-7d2a-4e88-82c1-1cdcfe57cf5d	POST	undefined	/order
2025-03-16	01:49:15	ef79d191-0e02-4fcd-8638-950ea8b2b91a	POST	undefined	/order
2025-03-16	01:49:24	119b3dab-5274-4840-aff2-f125e75b4f9c	POST	undefined	/order
2025-03-16	01:49:33	906aa9bd-ad8b-4037-8341-361217ee8e20	PUT	undefined	/order
2025-03-16	01:49:41	d7ea3876-7fcd-419c-8a93-b6e59e48eb4f	PUT	undefined	/order
2025-03-16	03:36:16	5d8bfd06-5731-4869-88e3-0d012fd8cfd7	GET	undefined	/product
2025-03-16	03:36:18	afeeec07-1efc-4a10-93fc-e276df6a06e0	GET	undefined	/product
2025-03-17	00:45:21	89e4811d-77ec-467a-b09a-c81752cd1d03	POST	undefined	/auth
2025-03-17	00:46:02	2a0d0398-dabc-4799-ad0f-a8d3b843bf48	POST	undefined	/product
2025-03-17	00:47:36	4226d761-e703-410b-adb6-1df12a160a78	POST	undefined	/product
2025-03-17	00:50:28	2030948e-488c-4cc1-8111-5ac30a254e1b	POST	undefined	/product
2025-03-17	01:09:31	56a9679e-890c-46f7-b451-d4951c6afb84	POST	undefined	/auth
2025-03-17	01:10:02	299292eb-c280-4956-a44d-315cf301a57e	POST	undefined	/product
2025-03-17	01:10:10	5d1f51c0-ffac-4494-8cde-610977373db6	POST	undefined	/product
2025-03-17	02:21:36	bbb87058-f046-4d63-bcb6-11d065b3ee17	POST	undefined	/product
2025-03-17	02:21:43	17e303d2-9ec4-4800-92e5-997d2ed010e8	POST	undefined	/product
2025-03-17	02:21:50	14c77de9-9102-41a3-bcf2-be54e08bee5a	POST	undefined	/product
2025-03-17	02:22:00	6694d78f-499c-46a9-bcce-b2ad71455ea8	GET	undefined	/product
2025-03-17	02:22:27	9e00adbc-30b3-4e6a-9abf-2f4b588c8a0d	GET	undefined	/product
2025-03-17	02:23:01	d1378943-d2ce-4943-858e-bad8f09d8e70	GET	undefined	/public/product
2025-03-17	02:23:21	2ffc3e48-56e9-459b-9796-cc3e2b01622f	GET	undefined	/public/product/67d629ad8e9f7273103c1c71
2025-03-18	00:18:35	f5920888-a0b6-4772-a579-dba45cdf59f8	POST	undefined	/auth
2025-03-18	00:20:53	20572121-a60d-4bb4-a674-7788f743d524	POST	undefined	/order
2025-03-18	00:23:10	5d41b36a-8e29-4c6b-88d7-2266b882aacc	PUT	undefined	/order/status
2025-03-18	00:24:03	130a5460-a232-4c2a-9e7f-794b84099669	PUT	undefined	/order/status
2025-03-18	00:24:41	f8829120-7e5e-4f5e-873e-2b22195df496	PUT	undefined	/order/status
2025-03-18	00:33:18	5d4b81e8-c523-41c9-84ca-9556b9c0fc50	PUT	undefined	/order/status
2025-03-18	00:34:51	93f48124-b9c1-4f58-9ea7-6487540fd55b	PUT	undefined	/order/status
2025-03-18	00:35:09	7d41fadc-dbef-4744-bad2-93c77f7b30cf	GET	undefined	/refresh
2025-03-18	00:35:12	3d39a3d0-115f-45b5-b65c-c0e515e21fc2	GET	undefined	/refresh
2025-03-18	00:35:26	9bf993be-a075-49a5-b30c-0a5459828275	GET	undefined	/refresh
2025-03-18	00:35:38	56fbd46b-6fb5-44ea-a587-277db8d3a7b6	POST	undefined	/auth
2025-03-18	00:35:42	c18a41db-2d54-434f-9fb6-2d2050ed7ba0	GET	undefined	/refresh
2025-03-18	00:35:52	c7fbd0de-d47a-49fb-80fa-8d1bcda16f15	GET	undefined	/logout
2025-03-18	00:36:14	2b659402-5288-41e5-8227-ff8022362ab9	POST	undefined	/auth
2025-03-18	00:36:22	e1f8f02d-fe25-4b3a-8006-3ea391cef324	GET	undefined	/refresh
2025-03-18	00:37:41	3a12ffc8-65d2-448b-9f7d-4cbf694d9603	GET	undefined	/logout
2025-03-18	00:37:47	61d43499-6098-4705-b96b-d290ca370d14	POST	undefined	/auth
2025-03-18	00:37:51	d900048e-beb2-4de6-8af3-f80065527d4b	GET	undefined	/refresh
2025-03-18	00:38:48	06cc3105-5b3e-40be-a2ae-2100492f1e79	GET	undefined	/logout
2025-03-18	00:38:55	31037077-c815-4143-b6b7-16d8c6894c19	POST	undefined	/auth
2025-03-18	00:39:01	6855f7c4-1ba7-4bcb-adbf-593f37045794	GET	undefined	/refresh
2025-03-18	00:39:06	2f58090a-1cfb-49f1-82bd-a7a5d2599fb4	GET	undefined	/logout
2025-03-18	00:43:27	3a0b8e04-e262-4e3e-b5f0-7a58385bd7f8	POST	undefined	/auth
2025-03-18	00:44:13	0e3b094a-eed2-4180-8d21-8f329f524071	GET	undefined	/logout
2025-03-18	00:58:09	f05061ab-1315-43eb-9b64-807e67a402f9	POST	undefined	/auth
2025-03-18	00:58:17	eb77760a-cb71-4e3c-b8b3-8e96c2d8e4f4	POST	undefined	/auth
2025-03-18	00:58:31	bab6a4d7-350d-4994-aff6-9925e02ecca7	GET	undefined	/refresh
2025-03-18	00:58:36	462f31c7-9abc-4ca5-8a33-220bf117a073	GET	undefined	/logout
2025-03-18	01:00:12	c1e1975b-0fbe-4f9b-b4bf-692a68d766ba	GET	undefined	/logout
2025-03-18	01:00:14	1597409b-7863-430a-8b15-641fab59f30b	GET	undefined	/logout
2025-03-18	01:00:15	77530498-a647-4804-b716-5c475317f4dc	GET	undefined	/logout
2025-03-18	01:00:41	78a36915-7377-4f93-8f1c-e5bd9d1f2674	POST	undefined	/auth
2025-03-18	01:01:04	326bc314-f057-4507-bd1d-d1968ae4c320	GET	undefined	/refresh
2025-03-18	01:01:21	c1c999ea-2aa1-4795-ba70-feaef84428e9	GET	undefined	/logout
2025-03-18	01:01:49	fae9580f-c06a-4dd1-909f-8bd15df6f81f	POST	undefined	/auth
2025-03-18	01:01:55	08d48138-42b2-4133-8c05-cc858a5517bf	GET	undefined	/refresh
2025-03-18	01:03:53	7c5db7cc-f8bc-490f-b4df-cf06cf58d96f	GET	undefined	/logout
2025-03-18	01:03:59	832691a0-4322-4909-972c-0134a67e04b4	POST	undefined	/auth
2025-03-18	01:04:04	09988945-1038-4d89-b576-7ca95f990db6	GET	undefined	/refresh
2025-03-18	01:05:34	c1829098-b63d-499c-aa48-3ba35ddede40	GET	undefined	/refresh
2025-03-18	01:06:48	90db82cf-2e00-4424-b565-e98910815d79	GET	undefined	/logout
2025-03-18	01:06:53	0007ddf1-d9a2-4632-803a-3d99cbe0b8bd	GET	undefined	/refresh
2025-03-18	01:07:12	75b849d7-4722-4136-9e3c-e46058bc738e	POST	undefined	/auth
2025-03-18	01:07:22	addaf98d-70a7-404a-b0f3-d768ea57b50a	GET	undefined	/refresh
2025-03-18	01:07:24	253b0cc8-deb5-4794-bdd3-0e3cdc2b9ad3	GET	undefined	/refresh
2025-03-18	01:07:26	73b24211-e20f-48bc-b153-786b18257586	GET	undefined	/refresh
2025-03-18	01:07:28	524dd30e-6615-44b8-917e-5c4faf65f7af	GET	undefined	/refresh
2025-03-18	01:07:30	122c2316-1229-417b-83f2-2287112402e3	GET	undefined	/refresh
2025-03-18	01:10:13	0a822d2b-3f59-4c30-9533-25ce601fd01f	GET	undefined	/refresh
2025-03-18	01:10:15	4f445f62-adfc-448f-9f18-d35d15bf13e9	GET	undefined	/refresh
2025-03-18	01:10:43	5549de70-b9ab-42ae-8561-05e477eca156	PUT	undefined	/order/status
2025-03-18	01:10:53	df111f21-47ac-42c3-9c50-116af3356811	PUT	undefined	/order/status
2025-03-18	01:19:44	0690b384-2dcd-48a5-b34c-f12ed169dc16	PUT	undefined	/order/status
2025-03-18	01:19:50	617c543f-da9f-402d-b52f-f3a1024d8de9	PUT	undefined	/order/status
2025-03-18	01:29:45	84d2ec74-490b-4dd3-bbe6-34663b8fd4d4	PUT	undefined	/order/status
2025-03-18	01:29:49	2de27b75-c4d7-4eb3-81a3-5fdce07ed498	GET	undefined	/refresh
2025-03-18	01:30:03	db1493de-06f1-4e60-8d4a-976f1ee461d0	PUT	undefined	/order/status
2025-03-18	01:30:07	b8003e00-5733-4893-8e69-66f74e7e8985	PUT	undefined	/order/status
2025-03-18	01:30:14	1db14f36-a104-484f-85f9-4a2fe1bd52c9	PUT	undefined	/order/status
2025-03-18	01:41:24	b50a970d-c919-4d77-9115-47f4dbcb8d16	PUT	undefined	/order/status
2025-03-18	01:41:29	654676d2-4e0a-4fe1-bed4-7348f75f726d	PUT	undefined	/order/status
2025-03-18	01:41:36	c5da87a9-b49b-40d7-a6cd-ba0c637802ea	PUT	undefined	/order/status
2025-03-18	01:42:39	aa11acdd-ce87-4546-86b5-b23fadf15eb6	PUT	undefined	/order/status
2025-03-18	01:42:43	44d09749-27b8-499e-bd13-8c78635e4b13	PUT	undefined	/order/status
2025-03-18	01:42:53	2dc034e8-10d3-4174-8755-757bd9ea5018	PUT	undefined	/order/status
2025-03-18	01:50:05	f17bfeea-ff91-4148-9184-47de61f128cb	PUT	undefined	/order/status
2025-03-18	01:50:10	f212fc24-d88a-4125-a4e7-dc87308c6b16	GET	undefined	/refresh
2025-03-18	01:50:24	38e01b1a-a8c0-41d9-8372-9791e4f0a097	PUT	undefined	/order/status
2025-03-18	01:50:27	24d3f3f6-11ee-4d87-bdd2-7d6afb72b287	PUT	undefined	/order/status
2025-03-18	01:54:04	3d9308b6-a87e-4d91-a556-a74a5c311818	PUT	undefined	/order/status
2025-03-18	01:54:08	fb51e936-5e70-4458-ac3d-7d801d7586ed	PUT	undefined	/order/status
2025-03-18	01:55:28	1d8722de-0877-4f5e-9b06-c326b150e7bb	PUT	undefined	/order/status
2025-03-18	01:56:05	b233dce4-c5aa-45ae-a580-41d94fca11f5	PUT	undefined	/order/status
2025-03-23	02:21:22	f819f806-ee8a-4be7-b523-0430aac72bce	POST	undefined	/auth
2025-03-23	02:22:24	34e2fc97-b89f-4608-8008-278007370319	POST	undefined	/auth
2025-03-23	02:22:52	24d66cf6-77bf-4fff-b26e-982724e7266c	POST	undefined	/auth
2025-03-23	02:23:09	a61c238d-e4e6-4a14-8a3e-011f84bf3e1f	PUT	undefined	/order/status
2025-03-23	02:23:15	dc5a59ca-0217-48d6-b996-b70595dde302	PUT	undefined	/order/status
2025-03-23	02:23:26	ed92b0c6-882e-4bcc-b4bf-ca5cc8bacdf0	PUT	undefined	/order/status
2025-03-23	02:29:42	6002083e-1998-4d97-97b6-6d572e51ba23	PUT	undefined	/order/status
2025-03-23	02:29:53	c78b0f2a-f226-4d4a-8f3a-d718c6200e8f	PUT	undefined	/order/status
2025-03-23	02:30:08	09c2250b-5cdc-4057-b87f-24d6ffdccb39	PUT	undefined	/order/status
2025-03-23	02:40:40	ab644083-8d7e-48d3-b8cc-638e40cbf5c6	PUT	undefined	/order/status
2025-03-23	02:40:45	87a96590-9ef1-434f-b0b8-343954dc2045	GET	undefined	/refresh
2025-03-23	02:40:59	363a8495-c788-4452-a02f-df1a5d48ef12	PUT	undefined	/order/status
2025-03-23	02:41:04	2c041d0f-eb3b-4abd-8535-7081762aec99	PUT	undefined	/order/status
2025-03-23	02:41:12	d7cf1f7d-2adc-4a2b-b4c8-79e57b077ebb	PUT	undefined	/order/status
2025-03-23	02:45:25	2b438689-39bf-4abe-b115-460fe1c2db1e	PUT	undefined	/order/status
2025-03-23	02:45:34	fd14d285-70c6-41ec-81d0-dbf0f516adea	PUT	undefined	/order/status
2025-03-23	02:45:44	c13a3e0c-fded-4e0f-9f46-78bc3e6cecd8	PUT	undefined	/order/status
2025-03-23	02:49:13	8f6625cf-3f23-459f-8c1f-218eec696d4d	PUT	undefined	/order/status
2025-03-23	02:49:19	fcefa59e-452c-40bf-9938-55d7d95ae3c9	PUT	undefined	/order/status
2025-03-23	02:49:42	4e1b8882-2b0f-4157-beff-1d07128511e0	PUT	undefined	/order/status
2025-03-23	02:49:47	486ee6e2-8508-4a32-9eac-9d4ccebcc847	PUT	undefined	/order/status
2025-03-23	03:41:51	99f42f4c-b068-4018-ab5d-55283000c35c	POST	undefined	/auth
2025-03-23	03:42:14	bd97e341-ae4e-40f1-9f19-e2999ae7e393	GET	undefined	/order
2025-03-23	03:42:21	b3310edf-2727-405a-aed9-caaf6aa5835a	GET	undefined	/order
2025-03-23	03:42:33	71fa4bb9-332d-40f1-9e18-8c9f285dd082	POST	undefined	/auth
2025-03-23	03:42:45	dd6d31ae-5b54-44aa-9d0a-49e05bc30e7f	GET	undefined	/order
2025-03-23	03:42:53	cabdd9bc-3625-4aa3-ad9e-6d9f4a7c0827	GET	undefined	/order
2025-03-23	03:43:13	3134e0aa-4796-4a67-bf0b-1e83e81180b8	POST	undefined	/auth
2025-03-23	03:43:26	b522a555-0542-457b-a013-46920e2f68be	GET	undefined	/order
2025-03-23	03:43:28	53b024ae-814c-4a55-a1f2-7b62293a8e80	GET	undefined	/order
2025-03-23	03:43:36	9bce6af6-f3c9-4381-83c3-ec4ff2db1dbe	POST	undefined	/auth
2025-03-23	03:43:47	da3c4aff-2358-4427-a474-b3e99bf3858d	GET	undefined	/order
2025-03-23	03:46:49	97c7b374-b308-4ff1-b5a1-c8dac7323394	POST	undefined	/auth
2025-03-23	03:47:12	356c5180-1b2e-4e7d-8cc9-87aa947c76b8	POST	undefined	/order
2025-03-23	03:47:21	cd69c3e0-1778-491b-b2dd-9b8239fbbaa6	POST	undefined	/auth
2025-03-23	03:47:34	4ee35d80-902c-43bd-abf4-d22f8ba68a5f	POST	undefined	/order
2025-03-24	00:18:55	35b8bb5c-0a57-492d-93e9-07a17f28fa51	POST	undefined	/auth
2025-03-24	00:19:12	9701da11-f6bb-4f95-a3dc-b737b59a978b	GET	undefined	/user
2025-03-24	00:22:58	b529aa61-624a-4e36-9a82-8a94521a1811	POST	undefined	/auth
2025-03-24	00:23:09	c2570ff4-1618-47c6-8093-d3660078d2b1	GET	undefined	/user
2025-04-19	18:10:08	a0e51c63-1068-4a2a-9b46-a4d45d2b4768	GET	http://localhost:5173	/
2025-04-19	18:10:08	1edfc3a8-0f11-4a46-b7d5-945285f78cf1	GET	http://localhost:5173	/
2025-04-19	18:11:36	e737dbb4-47bc-4f7a-bc89-e8875b901062	GET	http://localhost:5173	/
2025-04-19	18:11:36	6d833c4c-78aa-43d0-b150-dc0905a5e161	GET	http://localhost:5173	/
2025-04-19	18:11:40	42545a08-ac24-4afe-85ad-fbb2bed2b413	GET	http://localhost:5173	/
2025-04-19	18:11:40	7d2bb603-2dd2-4b05-85c6-d1ac85f8025a	GET	http://localhost:5173	/
2025-04-19	18:12:46	384f50c0-aaaa-4967-875b-28a976dd9c9c	GET	http://localhost:5173	/
2025-04-19	18:12:46	25478d7b-1250-48e1-ae49-5e1e94c6f1d4	GET	http://localhost:5173	/
2025-04-19	18:12:48	3bc41b5c-8aac-4a11-a11c-74980ed8b7f4	GET	http://localhost:5173	/
2025-04-19	18:12:48	82a2a1e3-bc18-4215-a85a-618363b82821	GET	http://localhost:5173	/
2025-04-19	18:14:16	2256cb94-e996-424e-9d93-bf7e99e0ccb7	GET	http://localhost:5173	/
2025-04-19	18:14:16	22980b3e-2d9f-4023-89e6-5aa05c05582b	GET	http://localhost:5173	/
2025-04-19	18:14:19	a4ee6f0a-4b28-4a37-a416-4b43bb2f9c77	GET	http://localhost:5173	/
2025-04-19	18:14:19	8eb926db-33e8-4136-8912-a56e41e72de5	GET	http://localhost:5173	/
2025-04-19	18:14:33	842d736b-c082-43d3-a9b1-db504209bfdb	GET	http://localhost:5173	/
2025-04-19	18:14:33	79b14f88-80f9-44f2-a2e0-5937e52dd5d5	GET	http://localhost:5173	/
2025-04-19	18:14:34	1401627e-f0cb-4ceb-8b2f-ef51c909655e	GET	http://localhost:5173	/
2025-04-19	18:14:34	d7e724a5-1f77-4c36-860f-ed2dbeea5700	GET	http://localhost:5173	/
2025-04-19	18:14:46	17023aa7-4568-42c4-8097-289f81089658	GET	http://localhost:5173	/
2025-04-19	18:14:46	8418cff2-4940-4908-8162-0f2cd36d4e77	GET	http://localhost:5173	/
2025-04-19	18:15:52	2eef8641-551a-4811-a2b4-2b6b7bf36d35	GET	http://localhost:5173	/
2025-04-19	18:15:52	a73429a1-f79c-4c86-8b65-23e90812326c	GET	http://localhost:5173	/
2025-04-19	18:15:52	df41d4ed-49e6-4de6-8fd1-fefd505a87a0	GET	http://localhost:5173	/
2025-04-19	18:15:52	d15d5115-ad4a-4069-99df-606884578bc7	GET	http://localhost:5173	/
2025-04-19	18:15:52	346d63bc-32f2-4baf-9125-355bf8e90aae	GET	http://localhost:5173	/
2025-04-19	18:15:52	7370c8f5-b288-4b35-a850-0a5c39938dee	GET	http://localhost:5173	/
2025-04-19	18:16:04	a41bd4b2-9931-4d42-8244-f6e48274b9cf	GET	http://localhost:5173	/
2025-04-19	18:16:04	fee1c1da-4ab2-423c-9fd7-0e2a882781f3	GET	http://localhost:5173	/
2025-04-19	18:16:04	25ace4a4-be9e-4382-bb14-122bd1de8cf2	GET	http://localhost:5173	/
2025-04-19	18:16:04	5a84ab3f-99fd-46a3-be3e-a495e10ad663	GET	http://localhost:5173	/
2025-04-19	18:16:07	9f14ab6d-77c6-43d4-9daf-716324132d71	GET	http://localhost:5173	/
2025-04-19	18:16:07	649736f2-e0f0-41f5-bf20-1ed4ea0520ef	GET	http://localhost:5173	/
2025-04-19	18:16:07	24f8fa68-c78a-4e8c-9af0-1d179b8e3dcb	GET	http://localhost:5173	/
2025-04-19	18:16:07	d6f72bd6-fb89-40f7-a5d0-03b14c51d247	GET	http://localhost:5173	/
2025-04-19	18:16:07	1deffda4-66b9-4709-99d0-3cfd7bc8987b	GET	http://localhost:5173	/
2025-04-19	18:16:07	0fea339b-47e2-4d54-b91c-a42c047d4634	GET	http://localhost:5173	/
2025-04-27	11:10:37	ad847db3-d97b-4da1-93d8-ef16dca30ca9	POST	undefined	/auth
2025-04-27	11:11:06	f0d9f180-58c9-433a-92a0-f1d8fbe5ebdc	GET	undefined	/user
2025-04-27	11:28:00	88fd4cad-ef56-4548-801a-42c59d58412f	POST	undefined	/auth
2025-04-27	11:28:13	70ca7c30-7225-4b5e-88f2-f062d9460f44	GET	undefined	/user
2025-04-27	11:35:12	924592f6-a9df-4193-841a-e0e8de78245a	GET	undefined	/user
2025-04-27	11:37:30	b61e7d70-eff4-4d53-a8d7-59d377ee56ec	GET	undefined	/user
2025-07-11	06:32:15	4f3dc3c6-7dd7-4447-afd6-8cfccc915e6d	POST	undefined	/register/admin
2025-07-11	06:33:52	9c0b9e89-66fa-407d-be23-62a2206a0509	POST	undefined	/register/
2025-07-11	06:37:11	24ac4045-c843-4ebe-9657-c0553f6d65d0	POST	undefined	/register/admin
2025-07-11	06:37:21	a6ee04d1-b41b-4ec3-a1e1-51ca3376b501	POST	undefined	/register/admin
2025-07-11	06:37:32	368359d7-cd60-4dda-b080-dd02a93a3555	POST	undefined	/register/admin
2025-07-11	06:38:27	0e760d5c-2c8b-4e09-a53e-980a7ffc7090	POST	undefined	/register
2025-07-11	06:39:54	e70aafce-e75a-4423-8c66-2886709d4456	POST	undefined	/auth
2025-07-11	06:40:34	d9fbcc44-3fb4-4d0e-975a-049fc2584ea3	POST	undefined	/product
2025-07-11	06:41:27	fa115cdd-00ff-436f-8a61-5891f320ab8c	POST	undefined	/product
2025-07-11	06:41:41	d5606804-eeed-4f50-bc91-aadc557f2ce9	POST	undefined	/product
2025-07-11	06:42:48	e0bed2ad-af1a-41e7-ae0f-fcfbb6e94c79	GET	undefined	/refresh
2025-07-11	06:43:02	c5b31605-d98c-4d17-8f3a-3e42b225b65b	GET	undefined	/refresh
2025-07-11	06:43:08	e86cc45d-32c8-4801-9bb8-86060c2027a4	GET	undefined	/refresh
2025-07-11	06:43:10	e369bb13-f624-4b8b-b173-f4345ad329a1	GET	undefined	/refresh
2025-07-11	06:43:13	f7fcd851-d383-4046-b493-171142f6ff80	GET	undefined	/refresh
2025-07-11	06:43:14	9ce392dc-ab0c-485b-8901-0111f973b22f	GET	undefined	/refresh
2025-07-11	06:43:16	3312883e-d8a8-4f31-9ce5-189e51715020	GET	undefined	/refresh
2025-07-11	06:43:19	f1a3b73c-2497-4f28-8d83-6605e5829562	GET	undefined	/refresh
2025-07-11	06:43:21	92e36094-3d41-4a04-a0a6-b38a62c6dd96	GET	undefined	/refresh
2025-07-11	06:43:50	d2e83b31-6a2a-4789-902c-c2959db47250	GET	undefined	/logout
2025-07-11	06:44:13	e3ba2960-4cef-496c-97e8-4b60ac8bb303	POST	undefined	/register
2025-07-11	06:44:21	e3ee0247-fdfa-4798-a8a2-191bf18b4929	POST	undefined	/register
2025-07-11	06:44:28	bc3b8380-7c74-449f-800c-04091dfcd865	POST	undefined	/register
2025-07-11	06:45:53	3598bdd1-b52f-4ed7-b138-870c7d4609ec	GET	undefined	/public/product
2025-07-20	05:40:09	6608afa1-a609-4853-b0f3-66fec14f885f	POST	undefined	/auth
2025-07-20	05:40:22	9b50b4cb-f040-49e8-a999-7b5dfd198115	GET	undefined	/refresh
2025-07-20	05:41:07	151bcf7a-add8-4a8f-8474-3aedbf3d94b4	GET	undefined	/refresh
2025-08-14	04:48:12	ac0ab752-9ab5-422e-9fc6-13387da0f94b	GET	undefined	/
2025-08-14	05:06:20	2f1ba3bd-b12a-4f14-aaea-161c9c9d4f34	POST	undefined	/register/admin
2025-08-14	05:06:32	0e4f5956-dcc7-4f00-85c9-d7ba1e5463c7	POST	undefined	/register/admin
2025-08-14	05:06:44	27130bea-4c19-4218-9c51-9436bf27b27f	POST	undefined	/register/admin
2025-08-14	05:06:52	f7554d71-8136-4f9c-800e-4d5ba38464b9	POST	undefined	/register/admin
2025-08-14	05:07:02	540deba3-8838-4d3e-906e-3a566ee1da26	POST	undefined	/register/admin
2025-08-14	05:07:15	6928c19a-76f0-4fa4-9fd6-c0d13e0f9fdf	POST	undefined	/register/admin
2025-08-14	05:08:19	37966239-11dc-49ee-b53f-18174ffd3084	POST	undefined	/register/admin
2025-08-14	05:08:25	fe24fc79-bcc4-4725-8fc6-921ab2f4ab4e	POST	undefined	/register/admin
2025-08-14	05:10:18	9a6645a8-6edb-4414-aa28-562c294bdf9e	POST	undefined	/register/admin
2025-08-14	05:21:15	65fed757-6e13-4a68-82db-21c2cc3f4bc2	POST	undefined	/auth
2025-08-14	05:21:26	46709d7d-b9c2-4495-bf9e-491d29240fde	POST	undefined	/auth
2025-08-14	05:22:17	4a3d0261-9799-4529-9bb1-28bb1d197b23	POST	undefined	/auth
2025-08-14	05:22:32	a216ed48-0f36-4399-841b-aefbcc6c4d02	POST	undefined	/auth
2025-08-14	05:23:38	952775a6-ceea-4184-8885-c1194b7793b9	GET	undefined	/refresh
2025-08-14	05:23:41	a6bfc018-b9f3-4276-baa1-3324be3f331a	GET	undefined	/refresh
2025-08-14	05:23:44	1c6f0799-2b07-46e5-9fec-d1721229405b	GET	undefined	/refresh
2025-08-14	05:26:03	a6f312a9-3d34-47bb-99d5-e6f550341058	GET	undefined	/logout
2025-10-31	02:39:39	e1f0b67b-a1a6-4610-9ae0-e7e17bcfe5c9	GET	undefined	/
2025-10-31	02:57:59	71031230-df28-4341-94e7-161b86f4139a	GET	undefined	/
2025-10-31	02:58:00	80035248-3499-4e3d-ac26-3247dc42ed94	GET	undefined	/favicon.ico
2025-10-31	03:16:27	f713a332-3089-4dd5-a898-bea7a7302cbd	POST	undefined	/register/admin
2025-10-31	03:16:46	11b20bde-50a2-433b-8d29-3077833d0dbd	POST	undefined	/register/admin
2025-10-31	03:18:55	1f328004-b7da-4534-b7b3-be9b3750964a	POST	undefined	/auth
2025-10-31	03:20:41	9c9ac5ad-56a3-46d8-865a-da61a43d1ee7	GET	undefined	/refresh
2025-10-31	03:25:46	dd655bc3-2f83-4f45-8eeb-7e91e579990a	GET	undefined	/refresh?Content-Type=applicaion%2Fjson&cookie=jwt%3D%22eyJhbGciOiJIUzI1NiIsInR5cCI6IkpXVCJ9.eyJpZCI6IjY5MDQxYzBlYWU3M2I5NTI3MThiNWRlMyIsImlhdCI6MTc2MTg3NzEzNiwiZXhwIjoxNzYxOTYzNTM2fQ.m0ethqNPJID0vjVC4UrR5xwCCMHdcLNtCujiWmn6GE0%22
2025-10-31	03:26:23	e7477050-7fec-45e2-ae52-3d135a61cfb1	GET	undefined	/refresh?Content-Type=applicaion%2Fjson&cookie=jwt%3D%22eyJhbGciOiJIUzI1NiIsInR5cCI6IkpXVCJ9.eyJpZCI6IjY5MDQxYzBlYWU3M2I5NTI3MThiNWRlMyIsImlhdCI6MTc2MTg3NzEzNiwiZXhwIjoxNzYxOTYzNTM2fQ.m0ethqNPJID0vjVC4UrR5xwCCMHdcLNtCujiWmn6GE0%22